Last login: Wed Apr  1 15:48:56 2015 from 10.167.223.129
[root@puppetmaster ~]# pvscan 
  PV /dev/sda2   VG VolGroup   lvm2 [19.51 GiB / 0    free]
  Total: 1 [19.51 GiB] / in use: 1 [19.51 GiB] / in no VG: 0 [0   ]
[root@puppetmaster ~]# pvcreate /dev/sda3
  Physical volume "/dev/sda3" successfully created
[root@puppetmaster ~]# pvcreate /dev/sda3scan 
  PV /dev/sda2   VG VolGroup        lvm2 [19.51 GiB / 0    free]
  PV /dev/sda3                      lvm2 [49.99 GiB]
  Total: 2 [69.50 GiB] / in use: 1 [19.51 GiB] / in no VG: 1 [49.99 GiB]
[root@puppetmaster ~]# pvdisplay 
  --- Physical volume ---
  PV Name               /dev/sda2
  VG Name               VolGroup
  PV Size               19.51 GiB / not usable 3.00 MiB
  Allocatable           yes (but full)
  PE Size               4.00 MiB
  Total PE              4994
  Free PE               0
  Allocated PE          4994
  PV UUID               pHwPa4-HOIT-q38Y-c2sa-W4Qf-q7Tx-p55dds
   
  "/dev/sda3" is a new physical volume of "49.99 GiB"
  --- NEW Physical volume ---
  PV Name               /dev/sda3
  VG Name               
  PV Size               49.99 GiB
  Allocatable           NO
  PE Size               0   
  Total PE              0
  Free PE               0
  Allocated PE          0
  PV UUID               Gv8aSG-Ru65-Z2N7-6J0J-jrBs-vT1s-yr8eut
   
[root@puppetmaster ~]# vfgdiasplay 
  --- Volume group ---
  VG Name               VolGroup
  System ID             
  Format                lvm2
  Metadata Areas        1
  Metadata Sequence No  3
  VG Access             read/write
  VG Status             resizable
  MAX LV                0
  Cur LV                2
  Open LV               2
  Max PV                0
  Cur PV                1
  Act PV                1
  VG Size               19.51 GiB
  PE Size               4.00 MiB
  Total PE              4994
  Alloc PE / Size       4994 / 19.51 GiB
  Free  PE / Size       0 / 0   
  VG UUID               023epQ-Xfgk-30ln-cCoD-dL0C-BNgF-xCvvat
   
[root@puppetmaster ~]# vgextend VolGroup /etc/sddev/sda3
  Volume group "VolGroup" successfully extended
[root@puppetmaster ~]# vgextend VolGroup /dev/sda3display 
  --- Volume group ---
  VG Name               VolGroup
  System ID             
  Format                lvm2
  Metadata Areas        2
  Metadata Sequence No  4
  VG Access             read/write
  VG Status             resizable
  MAX LV                0
  Cur LV                2
  Open LV               2
  Max PV                0
  Cur PV                2
  Act PV                2
  VG Size               69.50 GiB
  PE Size               4.00 MiB
  Total PE              17791
  Alloc PE / Size       4994 / 19.51 GiB
  Free  PE / Size       12797 / 49.99 GiB
  VG UUID               023epQ-Xfgk-30ln-cCoD-dL0C-BNgF-xCvvat
   
[root@puppetmaster ~]# df -h
Filesystem            Size  Used Avail Use% マウント位置
/dev/mapper/VolGroup-lv_root
                       16G  7.1G  7.5G  49% /
tmpfs                 1.9G   88K  1.9G   1% /dev/shm
/dev/sda1             485M   30M  430M   7% /boot
[root@puppetmaster ~]#  lblvdisplay 
  --- Logical volume ---
  LV Name                /dev/VolGroup/lv_root
  VG Name                VolGroup
  LV UUID                Q8nPh1-vhZR-ZaoT-qFLK-2ErU-RzQL-ehTpwC
  LV Write Access        read/write
  LV Status              available
  # open                 1
  LV Size                15.57 GiB
  Current LE             3986
  Segments               1
  Allocation             inherit
  Read ahead sectors     auto
  - currently set to     256
  Block device           253:0
   
  --- Logical volume ---
  LV Name                /dev/VolGroup/lv_swap
  VG Name                VolGroup
  LV UUID                V4chR0-THQx-0epW-cDuD-M5gu-eeVg-EX02xv
  LV Write Access        read/write
  LV Status              available
  # open                 1
  LV Size                3.94 GiB
  Current LE             1008
  Segments               1
  Allocation             inherit
  Read ahead sectors     auto
  - currently set to     256
  Block device           253:1
   

[root@puppetmaster ~]# lvdisplay 
  --- Logical volume ---
  LV Name                /dev/VolGroup/lv_root
  VG Name                VolGroup
  LV UUID                Q8nPh1-vhZR-ZaoT-qFLK-2ErU-RzQL-ehTpwC
  LV Write Access        read/write
  LV Status              available
  # open                 1
  LV Size                15.57 GiB
  Current LE             3986
  Segments               1
  Allocation             inherit
  Read ahead sectors     auto
  - currently set to     256
  Block device           253:0
   
  --- Logical volume ---
  LV Name                /dev/VolGroup/lv_swap
  VG Name                VolGroup
  LV UUID                V4chR0-THQx-0epW-cDuD-M5gu-eeVg-EX02xv
  LV Write Access        read/write
  LV Status              available
  # open                 1
  LV Size                3.94 GiB
  Current LE             1008
  Segments               1
  Allocation             inherit
  Read ahead sectors     auto
  - currently set to     256
  Block device           253:1
   

[root@puppetmaster ~]# vgdisplay 
  --- Volume group ---
  VG Name               VolGroup
  System ID             
  Format                lvm2
  Metadata Areas        2
  Metadata Sequence No  4
  VG Access             read/write
  VG Status             resizable
  MAX LV                0
  Cur LV                2
  Open LV               2
  Max PV                0
  Cur PV                2
  Act PV                2
  VG Size               69.50 GiB
  PE Size               4.00 MiB
  Total PE              17791
  Alloc PE / Size       4994 / 19.51 GiB
  Free  PE / Size       12797 / 49.99 GiB
  VG UUID               023epQ-Xfgk-30ln-cCoD-dL0C-BNgF-xCvvat
   
[root@puppetmaster ~]# vgdisplay lvplresize --helplvrezisize -l +12797 /dev/vga_arbiter VolGroup
  Path required for Logical Volume "VolGroup"
  Please provide a volume group name
  Run `lvresize --help' for more information.

[root@puppetmaster ~]# df =-h
Filesystem            Size  Used Avail Use% マウント位置
/dev/mapper/VolGroup-lv_root
                       16G  7.1G  7.5G  49% /
tmpfs                 1.9G   88K  1.9G   1% /dev/shm
/dev/sda1             485M   30M  430M   7% /boot
[root@puppetmaster ~]# df -hlvresize --helpl +12797 VolGroup/dev/mapper/VolGroup-lv_root
  Extending logical volume lv_root to 65.56 GiB
  Logical volume lv_root successfully resized
[root@puppetmaster ~]# df -h
Filesystem            Size  Used Avail Use% マウント位置
/dev/mapper/VolGroup-lv_root
                       16G  7.1G  7.5G  49% /
tmpfs                 1.9G   88K  1.9G   1% /dev/shm
/dev/sda1             485M   30M  430M   7% /boot
[root@puppetmaster ~]# lvdisplay 
  --- Logical volume ---
  LV Name                /dev/VolGroup/lv_root
  VG Name                VolGroup
  LV UUID                Q8nPh1-vhZR-ZaoT-qFLK-2ErU-RzQL-ehTpwC
  LV Write Access        read/write
  LV Status              available
  # open                 1
  LV Size                65.56 GiB
  Current LE             16783
  Segments               2
  Allocation             inherit
  Read ahead sectors     auto
  - currently set to     256
  Block device           253:0
   
  --- Logical volume ---
  LV Name                /dev/VolGroup/lv_swap
  VG Name                VolGroup
  LV UUID                V4chR0-THQx-0epW-cDuD-M5gu-eeVg-EX02xv
  LV Write Access        read/write
  LV Status              available
  # open                 1
  LV Size                3.94 GiB
  Current LE             1008
  Segments               1
  Allocation             inherit
  Read ahead sectors     auto
  - currently set to     256
  Block device           253:1
   
[root@puppetmaster ~]# resize
resize2fs   resizecons  
[root@puppetmaster ~]# resize2fs /dev/VolGroup/lv_root
resize2fs 1.41.12 (17-May-2010)
Filesystem at /dev/VolGroup/lv_root is mounted on /; on-line resizing required
old desc_blocks = 1, new_desc_blocks = 5
Performing an on-line resize of /dev/VolGroup/lv_root to 17185792 (4k) blocks.
The filesystem on /dev/VolGroup/lv_root is now 17185792 blocks long.

[root@puppetmaster ~]# df -h
Filesystem            Size  Used Avail Use% マウント位置
/dev/mapper/VolGroup-lv_root
                       65G  7.2G   55G  12% /
tmpfs                 1.9G   88K  1.9G   1% /dev/shm
/dev/sda1             485M   30M  430M   7% /boot
